2026-03-24T20:09:56.799+05:30  INFO 60668 --- [movie-booking] [main] c.x.m.MovieBookingApplication            : Starting MovieBookingApplication using Java 25 with PID 60668 (C:\Users\kishu\IdeaProjects\movie-booking\target\classes started by kishu in C:\Users\kishu\IdeaProjects\movie-booking)
2026-03-24T20:09:56.810+05:30 DEBUG 60668 --- [movie-booking] [main] c.x.m.MovieBookingApplication            : Running with Spring Boot v3.5.12, Spring v6.2.17
2026-03-24T20:09:56.811+05:30  INFO 60668 --- [movie-booking] [main] c.x.m.MovieBookingApplication            : No active profile set, falling back to 1 default profile: "default"
2026-03-24T20:09:58.564+05:30  INFO 60668 --- [movie-booking] [main] .s.d.r.c.RepositoryConfigurationDelegate : Bootstrapping Spring Data JPA repositories in DEFAULT mode.
2026-03-24T20:09:58.717+05:30  INFO 60668 --- [movie-booking] [main] .s.d.r.c.RepositoryConfigurationDelegate : Finished Spring Data repository scanning in 129 ms. Found 3 JPA repository interfaces.
2026-03-24T20:09:59.900+05:30  INFO 60668 --- [movie-booking] [main] o.s.b.w.embedded.tomcat.TomcatWebServer  : Tomcat initialized with port 8080 (http)
2026-03-24T20:09:59.931+05:30  INFO 60668 --- [movie-booking] [main] o.apache.catalina.core.StandardService   : Starting service [Tomcat]
2026-03-24T20:09:59.932+05:30  INFO 60668 --- [movie-booking] [main] o.apache.catalina.core.StandardEngine    : Starting Servlet engine: [Apache Tomcat/10.1.52]
2026-03-24T20:10:00.063+05:30  INFO 60668 --- [movie-booking] [main] o.a.c.c.C.[Tomcat].[localhost].[/]       : Initializing Spring embedded WebApplicationContext
2026-03-24T20:10:00.064+05:30  INFO 60668 --- [movie-booking] [main] w.s.c.ServletWebServerApplicationContext : Root WebApplicationContext: initialization completed in 3113 ms
2026-03-24T20:10:00.518+05:30  INFO 60668 --- [movie-booking] [main] o.hibernate.jpa.internal.util.LogHelper  : HHH000204: Processing PersistenceUnitInfo [name: default]
2026-03-24T20:10:00.666+05:30  INFO 60668 --- [movie-booking] [main] org.hibernate.Version                    : HHH000412: Hibernate ORM core version 6.6.44.Final
2026-03-24T20:10:00.746+05:30  INFO 60668 --- [movie-booking] [main] o.h.c.internal.RegionFactoryInitiator    : HHH000026: Second-level cache disabled
2026-03-24T20:10:01.385+05:30  INFO 60668 --- [movie-booking] [main] o.s.o.j.p.SpringPersistenceUnitInfo      : No LoadTimeWeaver setup: ignoring JPA class transformer
2026-03-24T20:10:01.452+05:30  INFO 60668 --- [movie-booking] [main] com.zaxxer.hikari.HikariDataSource       : HikariPool-1 - Starting...
2026-03-24T20:10:02.104+05:30  INFO 60668 --- [movie-booking] [main] com.zaxxer.hikari.pool.HikariPool        : HikariPool-1 - Added connection com.mysql.cj.jdbc.ConnectionImpl@5c9a4f3b
2026-03-24T20:10:02.107+05:30  INFO 60668 --- [movie-booking] [main] com.zaxxer.hikari.HikariDataSource       : HikariPool-1 - Start completed.
2026-03-24T20:10:02.294+05:30  INFO 60668 --- [movie-booking] [main] org.hibernate.orm.connections.pooling    : HHH10001005: Database info:
	Database JDBC URL [Connecting through datasource 'HikariDataSource (HikariPool-1)']
	Database driver: undefined/unknown
	Database version: 8.0.44
	Autocommit mode: undefined/unknown
	Isolation level: undefined/unknown
	Minimum pool size: undefined/unknown
	Maximum pool size: undefined/unknown
2026-03-24T20:10:03.404+05:30  INFO 60668 --- [movie-booking] [main] o.h.e.t.j.p.i.JtaPlatformInitiator       : HHH000489: No JTA platform available (set 'hibernate.transaction.jta.platform' to enable JTA platform integration)
2026-03-24T20:10:03.967+05:30  INFO 60668 --- [movie-booking] [main] j.LocalContainerEntityManagerFactoryBean : Initialized JPA EntityManagerFactory for persistence unit 'default'
2026-03-24T20:10:04.313+05:30  INFO 60668 --- [movie-booking] [main] o.s.d.j.r.query.QueryEnhancerFactory     : Hibernate is in classpath; If applicable, HQL parser will be used.
2026-03-24T20:10:04.991+05:30  WARN 60668 --- [movie-booking] [main] JpaBaseConfiguration$JpaWebConfiguration : spring.jpa.open-in-view is enabled by default. Therefore, database queries may be performed during view rendering. Explicitly configure spring.jpa.open-in-view to disable this warning
2026-03-24T20:10:05.510+05:30  INFO 60668 --- [movie-booking] [main] o.s.b.w.embedded.tomcat.TomcatWebServer  : Tomcat started on port 8080 (http) with context path '/'
2026-03-24T20:10:05.523+05:30  INFO 60668 --- [movie-booking] [main] c.x.m.MovieBookingApplication            : Started MovieBookingApplication in 9.424 seconds (process running for 10.186)
2026-03-24T20:10:57.114+05:30  INFO 60668 --- [movie-booking] [http-nio-8080-exec-2] o.a.c.c.C.[Tomcat].[localhost].[/]       : Initializing Spring DispatcherServlet 'dispatcherServlet'
2026-03-24T20:10:57.115+05:30  INFO 60668 --- [movie-booking] [http-nio-8080-exec-2] o.s.web.servlet.DispatcherServlet        : Initializing Servlet 'dispatcherServlet'
2026-03-24T20:10:57.117+05:30  INFO 60668 --- [movie-booking] [http-nio-8080-exec-2] o.s.web.servlet.DispatcherServlet        : Completed initialization in 2 ms
2026-03-24T20:10:57.349+05:30  INFO 60668 --- [movie-booking] [http-nio-8080-exec-2] c.xyz.movie_booking.service.ShowService  : Fetching shows for movieId=2, city=Delhi, date=2026-03-25
2026-03-24T20:11:05.909+05:30  INFO 60668 --- [movie-booking] [http-nio-8080-exec-3] c.xyz.movie_booking.service.ShowService  : Fetching shows for movieId=1, city=Delhi, date=2026-03-25
2026-03-24T20:12:20.882+05:30  INFO 60668 --- [movie-booking] [http-nio-8080-exec-5] c.xyz.movie_booking.service.ShowService  : Fetching shows for movieId=1, city=Delhi, date=2026-03-25
2026-03-24T20:16:07.663+05:30  INFO 60668 --- [movie-booking] [SpringApplicationShutdownHook] o.s.b.w.e.tomcat.GracefulShutdown        : Commencing graceful shutdown. Waiting for active requests to complete
2026-03-24T20:16:07.669+05:30  INFO 60668 --- [movie-booking] [tomcat-shutdown] o.s.b.w.e.tomcat.GracefulShutdown        : Graceful shutdown complete
2026-03-24T20:16:07.673+05:30  INFO 60668 --- [movie-booking] [SpringApplicationShutdownHook] j.LocalContainerEntityManagerFactoryBean : Closing JPA EntityManagerFactory for persistence unit 'default'
2026-03-24T20:16:07.676+05:30  INFO 60668 --- [movie-booking] [SpringApplicationShutdownHook] com.zaxxer.hikari.HikariDataSource       : HikariPool-1 - Shutdown initiated...
2026-03-24T20:16:07.684+05:30  INFO 60668 --- [movie-booking] [SpringApplicationShutdownHook] com.zaxxer.hikari.HikariDataSource       : HikariPool-1 - Shutdown completed.
2026-03-24T20:16:11.199+05:30  INFO 51452 --- [movie-booking] [main] c.x.m.MovieBookingApplication            : Starting MovieBookingApplication using Java 25 with PID 51452 (C:\Users\kishu\IdeaProjects\movie-booking\target\classes started by kishu in C:\Users\kishu\IdeaProjects\movie-booking)
2026-03-24T20:16:11.207+05:30 DEBUG 51452 --- [movie-booking] [main] c.x.m.MovieBookingApplication            : Running with Spring Boot v3.5.12, Spring v6.2.17
2026-03-24T20:16:11.208+05:30  INFO 51452 --- [movie-booking] [main] c.x.m.MovieBookingApplication            : No active profile set, falling back to 1 default profile: "default"
2026-03-24T20:16:11.953+05:30  INFO 51452 --- [movie-booking] [main] .s.d.r.c.RepositoryConfigurationDelegate : Bootstrapping Spring Data JPA repositories in DEFAULT mode.
2026-03-24T20:16:12.021+05:30  INFO 51452 --- [movie-booking] [main] .s.d.r.c.RepositoryConfigurationDelegate : Finished Spring Data repository scanning in 58 ms. Found 3 JPA repository interfaces.
2026-03-24T20:16:12.708+05:30  INFO 51452 --- [movie-booking] [main] o.s.b.w.embedded.tomcat.TomcatWebServer  : Tomcat initialized with port 8080 (http)
2026-03-24T20:16:12.730+05:30  INFO 51452 --- [movie-booking] [main] o.apache.catalina.core.StandardService   : Starting service [Tomcat]
2026-03-24T20:16:12.731+05:30  INFO 51452 --- [movie-booking] [main] o.apache.catalina.core.StandardEngine    : Starting Servlet engine: [Apache Tomcat/10.1.52]
2026-03-24T20:16:12.797+05:30  INFO 51452 --- [movie-booking] [main] o.a.c.c.C.[Tomcat].[localhost].[/]       : Initializing Spring embedded WebApplicationContext
2026-03-24T20:16:12.797+05:30  INFO 51452 --- [movie-booking] [main] w.s.c.ServletWebServerApplicationContext : Root WebApplicationContext: initialization completed in 1549 ms
2026-03-24T20:16:13.050+05:30  INFO 51452 --- [movie-booking] [main] o.hibernate.jpa.internal.util.LogHelper  : HHH000204: Processing PersistenceUnitInfo [name: default]
2026-03-24T20:16:13.113+05:30  INFO 51452 --- [movie-booking] [main] org.hibernate.Version                    : HHH000412: Hibernate ORM core version 6.6.44.Final
2026-03-24T20:16:13.152+05:30  INFO 51452 --- [movie-booking] [main] o.h.c.internal.RegionFactoryInitiator    : HHH000026: Second-level cache disabled
2026-03-24T20:16:13.506+05:30  INFO 51452 --- [movie-booking] [main] o.s.o.j.p.SpringPersistenceUnitInfo      : No LoadTimeWeaver setup: ignoring JPA class transformer
2026-03-24T20:16:13.548+05:30  INFO 51452 --- [movie-booking] [main] com.zaxxer.hikari.HikariDataSource       : HikariPool-1 - Starting...
2026-03-24T20:16:13.997+05:30  INFO 51452 --- [movie-booking] [main] com.zaxxer.hikari.pool.HikariPool        : HikariPool-1 - Added connection com.mysql.cj.jdbc.ConnectionImpl@241fc278
2026-03-24T20:16:13.999+05:30  INFO 51452 --- [movie-booking] [main] com.zaxxer.hikari.HikariDataSource       : HikariPool-1 - Start completed.
2026-03-24T20:16:14.091+05:30  INFO 51452 --- [movie-booking] [main] org.hibernate.orm.connections.pooling    : HHH10001005: Database info:
	Database JDBC URL [Connecting through datasource 'HikariDataSource (HikariPool-1)']
	Database driver: undefined/unknown
	Database version: 8.0.44
	Autocommit mode: undefined/unknown
	Isolation level: undefined/unknown
	Minimum pool size: undefined/unknown
	Maximum pool size: undefined/unknown
2026-03-24T20:16:14.993+05:30  INFO 51452 --- [movie-booking] [main] o.h.e.t.j.p.i.JtaPlatformInitiator       : HHH000489: No JTA platform available (set 'hibernate.transaction.jta.platform' to enable JTA platform integration)
2026-03-24T20:16:15.130+05:30  INFO 51452 --- [movie-booking] [main] j.LocalContainerEntityManagerFactoryBean : Initialized JPA EntityManagerFactory for persistence unit 'default'
2026-03-24T20:16:15.363+05:30  INFO 51452 --- [movie-booking] [main] o.s.d.j.r.query.QueryEnhancerFactory     : Hibernate is in classpath; If applicable, HQL parser will be used.
2026-03-24T20:16:15.947+05:30  WARN 51452 --- [movie-booking] [main] JpaBaseConfiguration$JpaWebConfiguration : spring.jpa.open-in-view is enabled by default. Therefore, database queries may be performed during view rendering. Explicitly configure spring.jpa.open-in-view to disable this warning
2026-03-24T20:16:16.341+05:30  INFO 51452 --- [movie-booking] [main] o.s.b.w.embedded.tomcat.TomcatWebServer  : Tomcat started on port 8080 (http) with context path '/'
2026-03-24T20:16:16.354+05:30  INFO 51452 --- [movie-booking] [main] c.x.m.MovieBookingApplication            : Started MovieBookingApplication in 5.657 seconds (process running for 6.068)
2026-03-24T20:16:30.001+05:30  INFO 51452 --- [movie-booking] [http-nio-8080-exec-1] o.a.c.c.C.[Tomcat].[localhost].[/]       : Initializing Spring DispatcherServlet 'dispatcherServlet'
2026-03-24T20:16:30.003+05:30  INFO 51452 --- [movie-booking] [http-nio-8080-exec-1] o.s.web.servlet.DispatcherServlet        : Initializing Servlet 'dispatcherServlet'
2026-03-24T20:16:30.005+05:30  INFO 51452 --- [movie-booking] [http-nio-8080-exec-1] o.s.web.servlet.DispatcherServlet        : Completed initialization in 1 ms
2026-03-24T20:16:30.199+05:30  INFO 51452 --- [movie-booking] [http-nio-8080-exec-1] c.xyz.movie_booking.service.ShowService  : Fetching shows for movieId=1, city=Delhi, date=2026-03-25
2026-03-24T20:16:47.501+05:30 ERROR 51452 --- [movie-booking] [http-nio-8080-exec-2] c.x.m.exception.GlobalExceptionHandler   : Unexpected error

com.xyz.movie_booking.exception.ResourceNotFoundException: Movie not found
	at com.xyz.movie_booking.service.ShowService.lambda$getShows$0(ShowService.java:46) ~[classes/:na]
	at java.base/java.util.Optional.orElseThrow(Optional.java:403) ~[na:na]
	at com.xyz.movie_booking.service.ShowService.getShows(ShowService.java:46) ~[classes/:na]
	at com.xyz.movie_booking.controller.ShowController.getShows(ShowController.java:33) ~[classes/:na]
	at java.base/jdk.internal.reflect.DirectMethodHandleAccessor.invoke(DirectMethodHandleAccessor.java:104) ~[na:na]
	at java.base/java.lang.reflect.Method.invoke(Method.java:565) ~[na:na]
	at org.springframework.aop.support.AopUtils.invokeJoinpointUsingReflection(AopUtils.java:360) ~[spring-aop-6.2.17.jar:6.2.17]
	at org.springframework.aop.framework.ReflectiveMethodInvocation.invokeJoinpoint(ReflectiveMethodInvocation.java:196) ~[spring-aop-6.2.17.jar:6.2.17]
	at org.springframework.aop.framework.ReflectiveMethodInvocation.proceed(ReflectiveMethodInvocation.java:163) ~[spring-aop-6.2.17.jar:6.2.17]
	at org.springframework.validation.beanvalidation.MethodValidationInterceptor.invoke(MethodValidationInterceptor.java:172) ~[spring-context-6.2.17.jar:6.2.17]
	at org.springframework.aop.framework.ReflectiveMethodInvocation.proceed(ReflectiveMethodInvocation.java:184) ~[spring-aop-6.2.17.jar:6.2.17]
	at org.springframework.aop.framework.CglibAopProxy$DynamicAdvisedInterceptor.intercept(CglibAopProxy.java:728) ~[spring-aop-6.2.17.jar:6.2.17]
	at com.xyz.movie_booking.controller.ShowController$$SpringCGLIB$$0.getShows(<generated>) ~[classes/:na]
	at java.base/jdk.internal.reflect.DirectMethodHandleAccessor.invoke(DirectMethodHandleAccessor.java:104) ~[na:na]
	at java.base/java.lang.reflect.Method.invoke(Method.java:565) ~[na:na]
	at org.springframework.web.method.support.InvocableHandlerMethod.doInvoke(InvocableHandlerMethod.java:258) ~[spring-web-6.2.17.jar:6.2.17]
	at org.springframework.web.method.support.InvocableHandlerMethod.invokeForRequest(InvocableHandlerMethod.java:191) ~[spring-web-6.2.17.jar:6.2.17]
	at org.springframework.web.servlet.mvc.method.annotation.ServletInvocableHandlerMethod.invokeAndHandle(ServletInvocableHandlerMethod.java:118) ~[spring-webmvc-6.2.17.jar:6.2.17]
	at org.springframework.web.servlet.mvc.method.annotation.RequestMappingHandlerAdapter.invokeHandlerMethod(RequestMappingHandlerAdapter.java:991) ~[spring-webmvc-6.2.17.jar:6.2.17]
	at org.springframework.web.servlet.mvc.method.annotation.RequestMappingHandlerAdapter.handleInternal(RequestMappingHandlerAdapter.java:896) ~[spring-webmvc-6.2.17.jar:6.2.17]
	at org.springframework.web.servlet.mvc.method.AbstractHandlerMethodAdapter.handle(AbstractHandlerMethodAdapter.java:87) ~[spring-webmvc-6.2.17.jar:6.2.17]
	at org.springframework.web.servlet.DispatcherServlet.doDispatch(DispatcherServlet.java:1089) ~[spring-webmvc-6.2.17.jar:6.2.17]
	at org.springframework.web.servlet.DispatcherServlet.doService(DispatcherServlet.java:979) ~[spring-webmvc-6.2.17.jar:6.2.17]
	at org.springframework.web.servlet.FrameworkServlet.processRequest(FrameworkServlet.java:1014) ~[spring-webmvc-6.2.17.jar:6.2.17]
	at org.springframework.web.servlet.FrameworkServlet.doGet(FrameworkServlet.java:903) ~[spring-webmvc-6.2.17.jar:6.2.17]
	at jakarta.servlet.http.HttpServlet.service(HttpServlet.java:564) ~[tomcat-embed-core-10.1.52.jar:6.0]
	at org.springframework.web.servlet.FrameworkServlet.service(FrameworkServlet.java:885) ~[spring-webmvc-6.2.17.jar:6.2.17]
	at jakarta.servlet.http.HttpServlet.service(HttpServlet.java:658) ~[tomcat-embed-core-10.1.52.jar:6.0]
	at org.apache.catalina.core.ApplicationFilterChain.internalDoFilter(ApplicationFilterChain.java:193) ~[tomcat-embed-core-10.1.52.jar:10.1.52]
	at org.apache.catalina.core.ApplicationFilterChain.doFilter(ApplicationFilterChain.java:138) ~[tomcat-embed-core-10.1.52.jar:10.1.52]
	at org.apache.tomcat.websocket.server.WsFilter.doFilter(WsFilter.java:51) ~[tomcat-embed-websocket-10.1.52.jar:10.1.52]
	at org.apache.catalina.core.ApplicationFilterChain.internalDoFilter(ApplicationFilterChain.java:162) ~[tomcat-embed-core-10.1.52.jar:10.1.52]
	at org.apache.catalina.core.ApplicationFilterChain.doFilter(ApplicationFilterChain.java:138) ~[tomcat-embed-core-10.1.52.jar:10.1.52]
	at org.springframework.web.filter.RequestContextFilter.doFilterInternal(RequestContextFilter.java:100) ~[spring-web-6.2.17.jar:6.2.17]
	at org.springframework.web.filter.OncePerRequestFilter.doFilter(OncePerRequestFilter.java:116) ~[spring-web-6.2.17.jar:6.2.17]
	at org.apache.catalina.core.ApplicationFilterChain.internalDoFilter(ApplicationFilterChain.java:162) ~[tomcat-embed-core-10.1.52.jar:10.1.52]
	at org.apache.catalina.core.ApplicationFilterChain.doFilter(ApplicationFilterChain.java:138) ~[tomcat-embed-core-10.1.52.jar:10.1.52]
	at org.springframework.web.filter.FormContentFilter.doFilterInternal(FormContentFilter.java:93) ~[spring-web-6.2.17.jar:6.2.17]
	at org.springframework.web.filter.OncePerRequestFilter.doFilter(OncePerRequestFilter.java:116) ~[spring-web-6.2.17.jar:6.2.17]
	at org.apache.catalina.core.ApplicationFilterChain.internalDoFilter(ApplicationFilterChain.java:162) ~[tomcat-embed-core-10.1.52.jar:10.1.52]
	at org.apache.catalina.core.ApplicationFilterChain.doFilter(ApplicationFilterChain.java:138) ~[tomcat-embed-core-10.1.52.jar:10.1.52]
	at org.springframework.web.filter.CharacterEncodingFilter.doFilterInternal(CharacterEncodingFilter.java:201) ~[spring-web-6.2.17.jar:6.2.17]
	at org.springframework.web.filter.OncePerRequestFilter.doFilter(OncePerRequestFilter.java:116) ~[spring-web-6.2.17.jar:6.2.17]
	at org.apache.catalina.core.ApplicationFilterChain.internalDoFilter(ApplicationFilterChain.java:162) ~[tomcat-embed-core-10.1.52.jar:10.1.52]
	at org.apache.catalina.core.ApplicationFilterChain.doFilter(ApplicationFilterChain.java:138) ~[tomcat-embed-core-10.1.52.jar:10.1.52]
	at org.apache.catalina.core.StandardWrapperValve.invoke(StandardWrapperValve.java:165) ~[tomcat-embed-core-10.1.52.jar:10.1.52]
	at org.apache.catalina.core.StandardContextValve.invoke(StandardContextValve.java:88) ~[tomcat-embed-core-10.1.52.jar:10.1.52]
	at org.apache.catalina.authenticator.AuthenticatorBase.invoke(AuthenticatorBase.java:492) ~[tomcat-embed-core-10.1.52.jar:10.1.52]
	at org.apache.catalina.core.StandardHostValve.invoke(StandardHostValve.java:113) ~[tomcat-embed-core-10.1.52.jar:10.1.52]
	at org.apache.catalina.valves.ErrorReportValve.invoke(ErrorReportValve.java:83) ~[tomcat-embed-core-10.1.52.jar:10.1.52]
	at org.apache.catalina.core.StandardEngineValve.invoke(StandardEngineValve.java:72) ~[tomcat-embed-core-10.1.52.jar:10.1.52]
	at org.apache.catalina.connector.CoyoteAdapter.service(CoyoteAdapter.java:342) ~[tomcat-embed-core-10.1.52.jar:10.1.52]
	at org.apache.coyote.http11.Http11Processor.service(Http11Processor.java:399) ~[tomcat-embed-core-10.1.52.jar:10.1.52]
	at org.apache.coyote.AbstractProcessorLight.process(AbstractProcessorLight.java:63) ~[tomcat-embed-core-10.1.52.jar:10.1.52]
	at org.apache.coyote.AbstractProtocol$ConnectionHandler.process(AbstractProtocol.java:903) ~[tomcat-embed-core-10.1.52.jar:10.1.52]
	at org.apache.tomcat.util.net.NioEndpoint$SocketProcessor.doRun(NioEndpoint.java:1775) ~[tomcat-embed-core-10.1.52.jar:10.1.52]
	at org.apache.tomcat.util.net.SocketProcessorBase.run(SocketProcessorBase.java:52) ~[tomcat-embed-core-10.1.52.jar:10.1.52]
	at org.apache.tomcat.util.threads.ThreadPoolExecutor.runWorker(ThreadPoolExecutor.java:973) ~[tomcat-embed-core-10.1.52.jar:10.1.52]
	at org.apache.tomcat.util.threads.ThreadPoolExecutor$Worker.run(ThreadPoolExecutor.java:491) ~[tomcat-embed-core-10.1.52.jar:10.1.52]
	at org.apache.tomcat.util.threads.TaskThread$WrappingRunnable.run(TaskThread.java:63) ~[tomcat-embed-core-10.1.52.jar:10.1.52]
	at java.base/java.lang.Thread.run(Thread.java:1474) ~[na:na]

2026-03-24T20:26:07.216+05:30  INFO 51452 --- [movie-booking] [SpringApplicationShutdownHook] o.s.b.w.e.tomcat.GracefulShutdown        : Commencing graceful shutdown. Waiting for active requests to complete
2026-03-24T20:26:07.224+05:30  INFO 51452 --- [movie-booking] [tomcat-shutdown] o.s.b.w.e.tomcat.GracefulShutdown        : Graceful shutdown complete
2026-03-24T20:26:07.229+05:30  INFO 51452 --- [movie-booking] [SpringApplicationShutdownHook] j.LocalContainerEntityManagerFactoryBean : Closing JPA EntityManagerFactory for persistence unit 'default'
2026-03-24T20:26:07.234+05:30  INFO 51452 --- [movie-booking] [SpringApplicationShutdownHook] com.zaxxer.hikari.HikariDataSource       : HikariPool-1 - Shutdown initiated...
2026-03-24T20:26:07.241+05:30  INFO 51452 --- [movie-booking] [SpringApplicationShutdownHook] com.zaxxer.hikari.HikariDataSource       : HikariPool-1 - Shutdown completed.
2026-03-24T20:26:10.393+05:30  INFO 67824 --- [movie-booking] [main] c.x.m.MovieBookingApplication            : Starting MovieBookingApplication using Java 25 with PID 67824 (C:\Users\kishu\IdeaProjects\movie-booking\target\classes started by kishu in C:\Users\kishu\IdeaProjects\movie-booking)
2026-03-24T20:26:10.395+05:30 DEBUG 67824 --- [movie-booking] [main] c.x.m.MovieBookingApplication            : Running with Spring Boot v3.5.12, Spring v6.2.17
2026-03-24T20:26:10.395+05:30  INFO 67824 --- [movie-booking] [main] c.x.m.MovieBookingApplication            : No active profile set, falling back to 1 default profile: "default"
2026-03-24T20:26:11.071+05:30  INFO 67824 --- [movie-booking] [main] .s.d.r.c.RepositoryConfigurationDelegate : Bootstrapping Spring Data JPA repositories in DEFAULT mode.
2026-03-24T20:26:11.132+05:30  INFO 67824 --- [movie-booking] [main] .s.d.r.c.RepositoryConfigurationDelegate : Finished Spring Data repository scanning in 51 ms. Found 3 JPA repository interfaces.
2026-03-24T20:26:11.675+05:30  INFO 67824 --- [movie-booking] [main] o.s.b.w.embedded.tomcat.TomcatWebServer  : Tomcat initialized with port 8080 (http)
2026-03-24T20:26:11.688+05:30  INFO 67824 --- [movie-booking] [main] o.apache.catalina.core.StandardService   : Starting service [Tomcat]
2026-03-24T20:26:11.689+05:30  INFO 67824 --- [movie-booking] [main] o.apache.catalina.core.StandardEngine    : Starting Servlet engine: [Apache Tomcat/10.1.52]
2026-03-24T20:26:11.757+05:30  INFO 67824 --- [movie-booking] [main] o.a.c.c.C.[Tomcat].[localhost].[/]       : Initializing Spring embedded WebApplicationContext
2026-03-24T20:26:11.757+05:30  INFO 67824 --- [movie-booking] [main] w.s.c.ServletWebServerApplicationContext : Root WebApplicationContext: initialization completed in 1322 ms
2026-03-24T20:26:11.959+05:30  INFO 67824 --- [movie-booking] [main] o.hibernate.jpa.internal.util.LogHelper  : HHH000204: Processing PersistenceUnitInfo [name: default]
2026-03-24T20:26:11.995+05:30  INFO 67824 --- [movie-booking] [main] org.hibernate.Version                    : HHH000412: Hibernate ORM core version 6.6.44.Final
2026-03-24T20:26:12.020+05:30  INFO 67824 --- [movie-booking] [main] o.h.c.internal.RegionFactoryInitiator    : HHH000026: Second-level cache disabled
2026-03-24T20:26:12.312+05:30  INFO 67824 --- [movie-booking] [main] o.s.o.j.p.SpringPersistenceUnitInfo      : No LoadTimeWeaver setup: ignoring JPA class transformer
2026-03-24T20:26:12.350+05:30  INFO 67824 --- [movie-booking] [main] com.zaxxer.hikari.HikariDataSource       : HikariPool-1 - Starting...
2026-03-24T20:26:12.683+05:30  INFO 67824 --- [movie-booking] [main] com.zaxxer.hikari.pool.HikariPool        : HikariPool-1 - Added connection com.mysql.cj.jdbc.ConnectionImpl@65a48cab
2026-03-24T20:26:12.685+05:30  INFO 67824 --- [movie-booking] [main] com.zaxxer.hikari.HikariDataSource       : HikariPool-1 - Start completed.
2026-03-24T20:26:12.767+05:30  INFO 67824 --- [movie-booking] [main] org.hibernate.orm.connections.pooling    : HHH10001005: Database info:
	Database JDBC URL [Connecting through datasource 'HikariDataSource (HikariPool-1)']
	Database driver: undefined/unknown
	Database version: 8.0.44
	Autocommit mode: undefined/unknown
	Isolation level: undefined/unknown
	Minimum pool size: undefined/unknown
	Maximum pool size: undefined/unknown
2026-03-24T20:26:13.652+05:30  INFO 67824 --- [movie-booking] [main] o.h.e.t.j.p.i.JtaPlatformInitiator       : HHH000489: No JTA platform available (set 'hibernate.transaction.jta.platform' to enable JTA platform integration)
2026-03-24T20:26:13.782+05:30  INFO 67824 --- [movie-booking] [main] j.LocalContainerEntityManagerFactoryBean : Initialized JPA EntityManagerFactory for persistence unit 'default'
2026-03-24T20:26:14.015+05:30  INFO 67824 --- [movie-booking] [main] o.s.d.j.r.query.QueryEnhancerFactory     : Hibernate is in classpath; If applicable, HQL parser will be used.
2026-03-24T20:26:14.493+05:30  WARN 67824 --- [movie-booking] [main] JpaBaseConfiguration$JpaWebConfiguration : spring.jpa.open-in-view is enabled by default. Therefore, database queries may be performed during view rendering. Explicitly configure spring.jpa.open-in-view to disable this warning
2026-03-24T20:26:14.909+05:30  INFO 67824 --- [movie-booking] [main] o.s.b.w.embedded.tomcat.TomcatWebServer  : Tomcat started on port 8080 (http) with context path '/'
2026-03-24T20:26:14.921+05:30  INFO 67824 --- [movie-booking] [main] c.x.m.MovieBookingApplication            : Started MovieBookingApplication in 4.959 seconds (process running for 5.321)
2026-03-24T20:26:22.797+05:30  INFO 67824 --- [movie-booking] [http-nio-8080-exec-1] o.a.c.c.C.[Tomcat].[localhost].[/]       : Initializing Spring DispatcherServlet 'dispatcherServlet'
2026-03-24T20:26:22.798+05:30  INFO 67824 --- [movie-booking] [http-nio-8080-exec-1] o.s.web.servlet.DispatcherServlet        : Initializing Servlet 'dispatcherServlet'
2026-03-24T20:26:22.800+05:30  INFO 67824 --- [movie-booking] [http-nio-8080-exec-1] o.s.web.servlet.DispatcherServlet        : Completed initialization in 2 ms
2026-03-24T20:27:23.201+05:30  INFO 67824 --- [movie-booking] [SpringApplicationShutdownHook] o.s.b.w.e.tomcat.GracefulShutdown        : Commencing graceful shutdown. Waiting for active requests to complete
2026-03-24T20:27:23.208+05:30  INFO 67824 --- [movie-booking] [tomcat-shutdown] o.s.b.w.e.tomcat.GracefulShutdown        : Graceful shutdown complete
2026-03-24T20:27:23.212+05:30  INFO 67824 --- [movie-booking] [SpringApplicationShutdownHook] j.LocalContainerEntityManagerFactoryBean : Closing JPA EntityManagerFactory for persistence unit 'default'
2026-03-24T20:27:23.214+05:30  INFO 67824 --- [movie-booking] [SpringApplicationShutdownHook] com.zaxxer.hikari.HikariDataSource       : HikariPool-1 - Shutdown initiated...
2026-03-24T20:27:23.220+05:30  INFO 67824 --- [movie-booking] [SpringApplicationShutdownHook] com.zaxxer.hikari.HikariDataSource       : HikariPool-1 - Shutdown completed.
2026-03-24T20:27:26.442+05:30  INFO 2952 --- [movie-booking] [main] c.x.m.MovieBookingApplication            : Starting MovieBookingApplication using Java 25 with PID 2952 (C:\Users\kishu\IdeaProjects\movie-booking\target\classes started by kishu in C:\Users\kishu\IdeaProjects\movie-booking)
2026-03-24T20:27:26.449+05:30 DEBUG 2952 --- [movie-booking] [main] c.x.m.MovieBookingApplication            : Running with Spring Boot v3.5.12, Spring v6.2.17
2026-03-24T20:27:26.450+05:30  INFO 2952 --- [movie-booking] [main] c.x.m.MovieBookingApplication            : No active profile set, falling back to 1 default profile: "default"
2026-03-24T20:27:27.140+05:30  INFO 2952 --- [movie-booking] [main] .s.d.r.c.RepositoryConfigurationDelegate : Bootstrapping Spring Data JPA repositories in DEFAULT mode.
2026-03-24T20:27:27.200+05:30  INFO 2952 --- [movie-booking] [main] .s.d.r.c.RepositoryConfigurationDelegate : Finished Spring Data repository scanning in 51 ms. Found 3 JPA repository interfaces.
2026-03-24T20:27:27.720+05:30  INFO 2952 --- [movie-booking] [main] o.s.b.w.embedded.tomcat.TomcatWebServer  : Tomcat initialized with port 8080 (http)
2026-03-24T20:27:27.735+05:30  INFO 2952 --- [movie-booking] [main] o.apache.catalina.core.StandardService   : Starting service [Tomcat]
2026-03-24T20:27:27.736+05:30  INFO 2952 --- [movie-booking] [main] o.apache.catalina.core.StandardEngine    : Starting Servlet engine: [Apache Tomcat/10.1.52]
2026-03-24T20:27:27.788+05:30  INFO 2952 --- [movie-booking] [main] o.a.c.c.C.[Tomcat].[localhost].[/]       : Initializing Spring embedded WebApplicationContext
2026-03-24T20:27:27.788+05:30  INFO 2952 --- [movie-booking] [main] w.s.c.ServletWebServerApplicationContext : Root WebApplicationContext: initialization completed in 1297 ms
2026-03-24T20:27:28.003+05:30  INFO 2952 --- [movie-booking] [main] o.hibernate.jpa.internal.util.LogHelper  : HHH000204: Processing PersistenceUnitInfo [name: default]
2026-03-24T20:27:28.045+05:30  INFO 2952 --- [movie-booking] [main] org.hibernate.Version                    : HHH000412: Hibernate ORM core version 6.6.44.Final
2026-03-24T20:27:28.073+05:30  INFO 2952 --- [movie-booking] [main] o.h.c.internal.RegionFactoryInitiator    : HHH000026: Second-level cache disabled
2026-03-24T20:27:28.350+05:30  INFO 2952 --- [movie-booking] [main] o.s.o.j.p.SpringPersistenceUnitInfo      : No LoadTimeWeaver setup: ignoring JPA class transformer
2026-03-24T20:27:28.397+05:30  INFO 2952 --- [movie-booking] [main] com.zaxxer.hikari.HikariDataSource       : HikariPool-1 - Starting...
2026-03-24T20:27:28.822+05:30  INFO 2952 --- [movie-booking] [main] com.zaxxer.hikari.pool.HikariPool        : HikariPool-1 - Added connection com.mysql.cj.jdbc.ConnectionImpl@e881e46
2026-03-24T20:27:28.824+05:30  INFO 2952 --- [movie-booking] [main] com.zaxxer.hikari.HikariDataSource       : HikariPool-1 - Start completed.
2026-03-24T20:27:28.930+05:30  INFO 2952 --- [movie-booking] [main] org.hibernate.orm.connections.pooling    : HHH10001005: Database info:
	Database JDBC URL [Connecting through datasource 'HikariDataSource (HikariPool-1)']
	Database driver: undefined/unknown
	Database version: 8.0.44
	Autocommit mode: undefined/unknown
	Isolation level: undefined/unknown
	Minimum pool size: undefined/unknown
	Maximum pool size: undefined/unknown
2026-03-24T20:27:29.781+05:30  INFO 2952 --- [movie-booking] [main] o.h.e.t.j.p.i.JtaPlatformInitiator       : HHH000489: No JTA platform available (set 'hibernate.transaction.jta.platform' to enable JTA platform integration)
2026-03-24T20:27:29.892+05:30  INFO 2952 --- [movie-booking] [main] j.LocalContainerEntityManagerFactoryBean : Initialized JPA EntityManagerFactory for persistence unit 'default'
2026-03-24T20:27:30.138+05:30  INFO 2952 --- [movie-booking] [main] o.s.d.j.r.query.QueryEnhancerFactory     : Hibernate is in classpath; If applicable, HQL parser will be used.
2026-03-24T20:27:30.602+05:30  WARN 2952 --- [movie-booking] [main] JpaBaseConfiguration$JpaWebConfiguration : spring.jpa.open-in-view is enabled by default. Therefore, database queries may be performed during view rendering. Explicitly configure spring.jpa.open-in-view to disable this warning
2026-03-24T20:27:31.013+05:30  INFO 2952 --- [movie-booking] [main] o.s.b.w.embedded.tomcat.TomcatWebServer  : Tomcat started on port 8080 (http) with context path '/'
2026-03-24T20:27:31.027+05:30  INFO 2952 --- [movie-booking] [main] c.x.m.MovieBookingApplication            : Started MovieBookingApplication in 5.011 seconds (process running for 5.359)
2026-03-24T20:27:32.769+05:30  INFO 2952 --- [movie-booking] [http-nio-8080-exec-2] o.a.c.c.C.[Tomcat].[localhost].[/]       : Initializing Spring DispatcherServlet 'dispatcherServlet'
2026-03-24T20:27:32.771+05:30  INFO 2952 --- [movie-booking] [http-nio-8080-exec-2] o.s.web.servlet.DispatcherServlet        : Initializing Servlet 'dispatcherServlet'
2026-03-24T20:27:32.772+05:30  INFO 2952 --- [movie-booking] [http-nio-8080-exec-2] o.s.web.servlet.DispatcherServlet        : Completed initialization in 1 ms
2026-03-24T20:27:32.894+05:30 ERROR 2952 --- [movie-booking] [http-nio-8080-exec-2] c.x.m.exception.GlobalExceptionHandler   : Unexpected error occurred

java.lang.ArithmeticException: / by zero
	at com.xyz.movie_booking.service.ShowService.getShows(ShowService.java:44) ~[classes/:na]
	at com.xyz.movie_booking.controller.ShowController.getShows(ShowController.java:33) ~[classes/:na]
	at java.base/jdk.internal.reflect.DirectMethodHandleAccessor.invoke(DirectMethodHandleAccessor.java:104) ~[na:na]
	at java.base/java.lang.reflect.Method.invoke(Method.java:565) ~[na:na]
	at org.springframework.aop.support.AopUtils.invokeJoinpointUsingReflection(AopUtils.java:360) ~[spring-aop-6.2.17.jar:6.2.17]
	at org.springframework.aop.framework.ReflectiveMethodInvocation.invokeJoinpoint(ReflectiveMethodInvocation.java:196) ~[spring-aop-6.2.17.jar:6.2.17]
	at org.springframework.aop.framework.ReflectiveMethodInvocation.proceed(ReflectiveMethodInvocation.java:163) ~[spring-aop-6.2.17.jar:6.2.17]
	at org.springframework.validation.beanvalidation.MethodValidationInterceptor.invoke(MethodValidationInterceptor.java:172) ~[spring-context-6.2.17.jar:6.2.17]
	at org.springframework.aop.framework.ReflectiveMethodInvocation.proceed(ReflectiveMethodInvocation.java:184) ~[spring-aop-6.2.17.jar:6.2.17]
	at org.springframework.aop.framework.CglibAopProxy$DynamicAdvisedInterceptor.intercept(CglibAopProxy.java:728) ~[spring-aop-6.2.17.jar:6.2.17]
	at com.xyz.movie_booking.controller.ShowController$$SpringCGLIB$$0.getShows(<generated>) ~[classes/:na]
	at java.base/jdk.internal.reflect.DirectMethodHandleAccessor.invoke(DirectMethodHandleAccessor.java:104) ~[na:na]
	at java.base/java.lang.reflect.Method.invoke(Method.java:565) ~[na:na]
	at org.springframework.web.method.support.InvocableHandlerMethod.doInvoke(InvocableHandlerMethod.java:258) ~[spring-web-6.2.17.jar:6.2.17]
	at org.springframework.web.method.support.InvocableHandlerMethod.invokeForRequest(InvocableHandlerMethod.java:191) ~[spring-web-6.2.17.jar:6.2.17]
	at org.springframework.web.servlet.mvc.method.annotation.ServletInvocableHandlerMethod.invokeAndHandle(ServletInvocableHandlerMethod.java:118) ~[spring-webmvc-6.2.17.jar:6.2.17]
	at org.springframework.web.servlet.mvc.method.annotation.RequestMappingHandlerAdapter.invokeHandlerMethod(RequestMappingHandlerAdapter.java:991) ~[spring-webmvc-6.2.17.jar:6.2.17]
	at org.springframework.web.servlet.mvc.method.annotation.RequestMappingHandlerAdapter.handleInternal(RequestMappingHandlerAdapter.java:896) ~[spring-webmvc-6.2.17.jar:6.2.17]
	at org.springframework.web.servlet.mvc.method.AbstractHandlerMethodAdapter.handle(AbstractHandlerMethodAdapter.java:87) ~[spring-webmvc-6.2.17.jar:6.2.17]
	at org.springframework.web.servlet.DispatcherServlet.doDispatch(DispatcherServlet.java:1089) ~[spring-webmvc-6.2.17.jar:6.2.17]
	at org.springframework.web.servlet.DispatcherServlet.doService(DispatcherServlet.java:979) ~[spring-webmvc-6.2.17.jar:6.2.17]
	at org.springframework.web.servlet.FrameworkServlet.processRequest(FrameworkServlet.java:1014) ~[spring-webmvc-6.2.17.jar:6.2.17]
	at org.springframework.web.servlet.FrameworkServlet.doGet(FrameworkServlet.java:903) ~[spring-webmvc-6.2.17.jar:6.2.17]
	at jakarta.servlet.http.HttpServlet.service(HttpServlet.java:564) ~[tomcat-embed-core-10.1.52.jar:6.0]
	at org.springframework.web.servlet.FrameworkServlet.service(FrameworkServlet.java:885) ~[spring-webmvc-6.2.17.jar:6.2.17]
	at jakarta.servlet.http.HttpServlet.service(HttpServlet.java:658) ~[tomcat-embed-core-10.1.52.jar:6.0]
	at org.apache.catalina.core.ApplicationFilterChain.internalDoFilter(ApplicationFilterChain.java:193) ~[tomcat-embed-core-10.1.52.jar:10.1.52]
	at org.apache.catalina.core.ApplicationFilterChain.doFilter(ApplicationFilterChain.java:138) ~[tomcat-embed-core-10.1.52.jar:10.1.52]
	at org.apache.tomcat.websocket.server.WsFilter.doFilter(WsFilter.java:51) ~[tomcat-embed-websocket-10.1.52.jar:10.1.52]
	at org.apache.catalina.core.ApplicationFilterChain.internalDoFilter(ApplicationFilterChain.java:162) ~[tomcat-embed-core-10.1.52.jar:10.1.52]
	at org.apache.catalina.core.ApplicationFilterChain.doFilter(ApplicationFilterChain.java:138) ~[tomcat-embed-core-10.1.52.jar:10.1.52]
	at org.springframework.web.filter.RequestContextFilter.doFilterInternal(RequestContextFilter.java:100) ~[spring-web-6.2.17.jar:6.2.17]
	at org.springframework.web.filter.OncePerRequestFilter.doFilter(OncePerRequestFilter.java:116) ~[spring-web-6.2.17.jar:6.2.17]
	at org.apache.catalina.core.ApplicationFilterChain.internalDoFilter(ApplicationFilterChain.java:162) ~[tomcat-embed-core-10.1.52.jar:10.1.52]
	at org.apache.catalina.core.ApplicationFilterChain.doFilter(ApplicationFilterChain.java:138) ~[tomcat-embed-core-10.1.52.jar:10.1.52]
	at org.springframework.web.filter.FormContentFilter.doFilterInternal(FormContentFilter.java:93) ~[spring-web-6.2.17.jar:6.2.17]
	at org.springframework.web.filter.OncePerRequestFilter.doFilter(OncePerRequestFilter.java:116) ~[spring-web-6.2.17.jar:6.2.17]
	at org.apache.catalina.core.ApplicationFilterChain.internalDoFilter(ApplicationFilterChain.java:162) ~[tomcat-embed-core-10.1.52.jar:10.1.52]
	at org.apache.catalina.core.ApplicationFilterChain.doFilter(ApplicationFilterChain.java:138) ~[tomcat-embed-core-10.1.52.jar:10.1.52]
	at org.springframework.web.filter.CharacterEncodingFilter.doFilterInternal(CharacterEncodingFilter.java:201) ~[spring-web-6.2.17.jar:6.2.17]
	at org.springframework.web.filter.OncePerRequestFilter.doFilter(OncePerRequestFilter.java:116) ~[spring-web-6.2.17.jar:6.2.17]
	at org.apache.catalina.core.ApplicationFilterChain.internalDoFilter(ApplicationFilterChain.java:162) ~[tomcat-embed-core-10.1.52.jar:10.1.52]
	at org.apache.catalina.core.ApplicationFilterChain.doFilter(ApplicationFilterChain.java:138) ~[tomcat-embed-core-10.1.52.jar:10.1.52]
	at org.apache.catalina.core.StandardWrapperValve.invoke(StandardWrapperValve.java:165) ~[tomcat-embed-core-10.1.52.jar:10.1.52]
	at org.apache.catalina.core.StandardContextValve.invoke(StandardContextValve.java:88) ~[tomcat-embed-core-10.1.52.jar:10.1.52]
	at org.apache.catalina.authenticator.AuthenticatorBase.invoke(AuthenticatorBase.java:492) ~[tomcat-embed-core-10.1.52.jar:10.1.52]
	at org.apache.catalina.core.StandardHostValve.invoke(StandardHostValve.java:113) ~[tomcat-embed-core-10.1.52.jar:10.1.52]
	at org.apache.catalina.valves.ErrorReportValve.invoke(ErrorReportValve.java:83) ~[tomcat-embed-core-10.1.52.jar:10.1.52]
	at org.apache.catalina.core.StandardEngineValve.invoke(StandardEngineValve.java:72) ~[tomcat-embed-core-10.1.52.jar:10.1.52]
	at org.apache.catalina.connector.CoyoteAdapter.service(CoyoteAdapter.java:342) ~[tomcat-embed-core-10.1.52.jar:10.1.52]
	at org.apache.coyote.http11.Http11Processor.service(Http11Processor.java:399) ~[tomcat-embed-core-10.1.52.jar:10.1.52]
	at org.apache.coyote.AbstractProcessorLight.process(AbstractProcessorLight.java:63) ~[tomcat-embed-core-10.1.52.jar:10.1.52]
	at org.apache.coyote.AbstractProtocol$ConnectionHandler.process(AbstractProtocol.java:903) ~[tomcat-embed-core-10.1.52.jar:10.1.52]
	at org.apache.tomcat.util.net.NioEndpoint$SocketProcessor.doRun(NioEndpoint.java:1775) ~[tomcat-embed-core-10.1.52.jar:10.1.52]
	at org.apache.tomcat.util.net.SocketProcessorBase.run(SocketProcessorBase.java:52) ~[tomcat-embed-core-10.1.52.jar:10.1.52]
	at org.apache.tomcat.util.threads.ThreadPoolExecutor.runWorker(ThreadPoolExecutor.java:973) ~[tomcat-embed-core-10.1.52.jar:10.1.52]
	at org.apache.tomcat.util.threads.ThreadPoolExecutor$Worker.run(ThreadPoolExecutor.java:491) ~[tomcat-embed-core-10.1.52.jar:10.1.52]
	at org.apache.tomcat.util.threads.TaskThread$WrappingRunnable.run(TaskThread.java:63) ~[tomcat-embed-core-10.1.52.jar:10.1.52]
	at java.base/java.lang.Thread.run(Thread.java:1474) ~[na:na]

2026-03-24T20:27:57.760+05:30  INFO 2952 --- [movie-booking] [SpringApplicationShutdownHook] o.s.b.w.e.tomcat.GracefulShutdown        : Commencing graceful shutdown. Waiting for active requests to complete
2026-03-24T20:27:57.770+05:30  INFO 2952 --- [movie-booking] [tomcat-shutdown] o.s.b.w.e.tomcat.GracefulShutdown        : Graceful shutdown complete
2026-03-24T20:27:57.774+05:30  INFO 2952 --- [movie-booking] [SpringApplicationShutdownHook] j.LocalContainerEntityManagerFactoryBean : Closing JPA EntityManagerFactory for persistence unit 'default'
2026-03-24T20:27:57.777+05:30  INFO 2952 --- [movie-booking] [SpringApplicationShutdownHook] com.zaxxer.hikari.HikariDataSource       : HikariPool-1 - Shutdown initiated...
2026-03-24T20:27:57.784+05:30  INFO 2952 --- [movie-booking] [SpringApplicationShutdownHook] com.zaxxer.hikari.HikariDataSource       : HikariPool-1 - Shutdown completed.
2026-03-24T20:28:01.079+05:30  INFO 13252 --- [movie-booking] [main] c.x.m.MovieBookingApplication            : Starting MovieBookingApplication using Java 25 with PID 13252 (C:\Users\kishu\IdeaProjects\movie-booking\target\classes started by kishu in C:\Users\kishu\IdeaProjects\movie-booking)
2026-03-24T20:28:01.081+05:30 DEBUG 13252 --- [movie-booking] [main] c.x.m.MovieBookingApplication            : Running with Spring Boot v3.5.12, Spring v6.2.17
2026-03-24T20:28:01.081+05:30  INFO 13252 --- [movie-booking] [main] c.x.m.MovieBookingApplication            : No active profile set, falling back to 1 default profile: "default"
2026-03-24T20:28:01.884+05:30  INFO 13252 --- [movie-booking] [main] .s.d.r.c.RepositoryConfigurationDelegate : Bootstrapping Spring Data JPA repositories in DEFAULT mode.
2026-03-24T20:28:01.948+05:30  INFO 13252 --- [movie-booking] [main] .s.d.r.c.RepositoryConfigurationDelegate : Finished Spring Data repository scanning in 53 ms. Found 3 JPA repository interfaces.
2026-03-24T20:28:02.788+05:30  INFO 13252 --- [movie-booking] [main] o.s.b.w.embedded.tomcat.TomcatWebServer  : Tomcat initialized with port 8080 (http)
2026-03-24T20:28:02.830+05:30  INFO 13252 --- [movie-booking] [main] o.apache.catalina.core.StandardService   : Starting service [Tomcat]
2026-03-24T20:28:02.831+05:30  INFO 13252 --- [movie-booking] [main] o.apache.catalina.core.StandardEngine    : Starting Servlet engine: [Apache Tomcat/10.1.52]
2026-03-24T20:28:02.991+05:30  INFO 13252 --- [movie-booking] [main] o.a.c.c.C.[Tomcat].[localhost].[/]       : Initializing Spring embedded WebApplicationContext
2026-03-24T20:28:02.992+05:30  INFO 13252 --- [movie-booking] [main] w.s.c.ServletWebServerApplicationContext : Root WebApplicationContext: initialization completed in 1860 ms
2026-03-24T20:28:03.550+05:30  INFO 13252 --- [movie-booking] [main] o.hibernate.jpa.internal.util.LogHelper  : HHH000204: Processing PersistenceUnitInfo [name: default]
2026-03-24T20:28:03.685+05:30  INFO 13252 --- [movie-booking] [main] org.hibernate.Version                    : HHH000412: Hibernate ORM core version 6.6.44.Final
2026-03-24T20:28:03.777+05:30  INFO 13252 --- [movie-booking] [main] o.h.c.internal.RegionFactoryInitiator    : HHH000026: Second-level cache disabled
2026-03-24T20:28:04.520+05:30  INFO 13252 --- [movie-booking] [main] o.s.o.j.p.SpringPersistenceUnitInfo      : No LoadTimeWeaver setup: ignoring JPA class transformer
2026-03-24T20:28:04.591+05:30  INFO 13252 --- [movie-booking] [main] com.zaxxer.hikari.HikariDataSource       : HikariPool-1 - Starting...
2026-03-24T20:28:05.380+05:30  INFO 13252 --- [movie-booking] [main] com.zaxxer.hikari.pool.HikariPool        : HikariPool-1 - Added connection com.mysql.cj.jdbc.ConnectionImpl@77e9dca8
2026-03-24T20:28:05.384+05:30  INFO 13252 --- [movie-booking] [main] com.zaxxer.hikari.HikariDataSource       : HikariPool-1 - Start completed.
2026-03-24T20:28:05.653+05:30  INFO 13252 --- [movie-booking] [main] org.hibernate.orm.connections.pooling    : HHH10001005: Database info:
	Database JDBC URL [Connecting through datasource 'HikariDataSource (HikariPool-1)']
	Database driver: undefined/unknown
	Database version: 8.0.44
	Autocommit mode: undefined/unknown
	Isolation level: undefined/unknown
	Minimum pool size: undefined/unknown
	Maximum pool size: undefined/unknown
2026-03-24T20:28:07.364+05:30  INFO 13252 --- [movie-booking] [main] o.h.e.t.j.p.i.JtaPlatformInitiator       : HHH000489: No JTA platform available (set 'hibernate.transaction.jta.platform' to enable JTA platform integration)
2026-03-24T20:28:07.735+05:30  INFO 13252 --- [movie-booking] [main] j.LocalContainerEntityManagerFactoryBean : Initialized JPA EntityManagerFactory for persistence unit 'default'
2026-03-24T20:28:08.458+05:30  INFO 13252 --- [movie-booking] [main] o.s.d.j.r.query.QueryEnhancerFactory     : Hibernate is in classpath; If applicable, HQL parser will be used.
2026-03-24T20:28:09.499+05:30  WARN 13252 --- [movie-booking] [main] JpaBaseConfiguration$JpaWebConfiguration : spring.jpa.open-in-view is enabled by default. Therefore, database queries may be performed during view rendering. Explicitly configure spring.jpa.open-in-view to disable this warning
2026-03-24T20:28:10.115+05:30  INFO 13252 --- [movie-booking] [main] o.s.b.w.embedded.tomcat.TomcatWebServer  : Tomcat started on port 8080 (http) with context path '/'
2026-03-24T20:28:10.129+05:30  INFO 13252 --- [movie-booking] [main] c.x.m.MovieBookingApplication            : Started MovieBookingApplication in 9.546 seconds (process running for 9.938)
2026-03-24T20:28:11.337+05:30  INFO 13252 --- [movie-booking] [http-nio-8080-exec-1] o.a.c.c.C.[Tomcat].[localhost].[/]       : Initializing Spring DispatcherServlet 'dispatcherServlet'
2026-03-24T20:28:11.338+05:30  INFO 13252 --- [movie-booking] [http-nio-8080-exec-1] o.s.web.servlet.DispatcherServlet        : Initializing Servlet 'dispatcherServlet'
2026-03-24T20:28:11.340+05:30  INFO 13252 --- [movie-booking] [http-nio-8080-exec-1] o.s.web.servlet.DispatcherServlet        : Completed initialization in 1 ms
2026-03-24T20:28:17.083+05:30  INFO 13252 --- [movie-booking] [http-nio-8080-exec-2] c.xyz.movie_booking.service.ShowService  : Fetching shows for movieId=1, city=Delhi, date=2026-03-25
2026-03-24T20:28:35.477+05:30  INFO 13252 --- [movie-booking] [http-nio-8080-exec-3] c.xyz.movie_booking.service.ShowService  : Fetching show seats for showId=1
2026-03-24T20:28:44.982+05:30  INFO 13252 --- [movie-booking] [http-nio-8080-exec-4] c.xyz.movie_booking.service.ShowService  : Fetching show seats for showId=2
2026-03-24T20:28:52.337+05:30  INFO 13252 --- [movie-booking] [http-nio-8080-exec-5] c.xyz.movie_booking.service.ShowService  : Fetching show seats for showId=3
2026-03-24T20:55:55.614+05:30  WARN 13252 --- [movie-booking] [HikariPool-1:housekeeper] com.zaxxer.hikari.pool.HikariPool        : HikariPool-1 - Thread starvation or clock leap detected (housekeeper delta=13m19s860ms488µs500ns).
2026-03-24T20:56:06.990+05:30  INFO 13252 --- [movie-booking] [http-nio-8080-exec-8] c.xyz.movie_booking.service.ShowService  : Fetching show seats for showId=3
